<?xml version="1.0" encoding="UTF-8"?>
<robot generator="Robot 3.2.1 (Python 3.6.9 on linux)" generated="20200903 01:35:15.868" rpa="false">
<suite id="s1" name="Teste TestSuite" source="/opt/robotframework/tests/TestSuite/Teste_TestSuite.robot">
<test id="s1-t1" name="Test Agenda Viagem">
<kw name="Login Travel" library="Teste_Keywords">
<kw name="Open Browser" library="SeleniumLibrary">
<doc>Opens a new browser instance to the optional ``url``.</doc>
<arguments>
<arg>${TRAVELPAGE}</arg>
<arg>${BROWSER}</arg>
<arg>options=add_argument("--incognito")</arg>
</arguments>
<msg timestamp="20200903 01:35:16.223" level="INFO">Opening browser 'chrome' to base url 'https://www.phptravels.net/home'.</msg>
<kw name="Capture Page Screenshot" library="SeleniumLibrary">
<doc>Takes a screenshot of the current page and embeds it into a log file.</doc>
<msg timestamp="20200903 01:35:17.964" level="INFO">Cannot capture screenshot because no browser is open.</msg>
<status status="PASS" starttime="20200903 01:35:17.963" endtime="20200903 01:35:17.964"></status>
</kw>
<msg timestamp="20200903 01:35:17.968" level="FAIL">WebDriverException: Message: unknown error: Chrome failed to start: exited abnormally.
  (unknown error: DevToolsActivePort file doesn't exist)
  (The process started from chrome location /usr/bin/google-chrome is no longer running, so ChromeDriver is assuming that Chrome has crashed.)
</msg>
<status status="FAIL" starttime="20200903 01:35:16.223" endtime="20200903 01:35:17.968"></status>
</kw>
<status status="FAIL" starttime="20200903 01:35:16.222" endtime="20200903 01:35:17.969"></status>
</kw>
<kw name="Run Keywords" library="BuiltIn" type="teardown">
<doc>Executes all the given keywords in a sequence.</doc>
<arguments>
<arg>Close Browser</arg>
</arguments>
<kw name="Close Browser" library="SeleniumLibrary">
<doc>Closes the current browser.</doc>
<status status="PASS" starttime="20200903 01:35:17.970" endtime="20200903 01:35:17.970"></status>
</kw>
<status status="PASS" starttime="20200903 01:35:17.969" endtime="20200903 01:35:17.970"></status>
</kw>
<tags>
<tag>Teste3</tag>
</tags>
<status status="FAIL" starttime="20200903 01:35:16.218" endtime="20200903 01:35:17.970" critical="yes">WebDriverException: Message: unknown error: Chrome failed to start: exited abnormally.
  (unknown error: DevToolsActivePort file doesn't exist)
  (The process started from chrome location /usr/bin/google-chrome is no longer running, so ChromeDriver is assuming that Chrome has crashed.)
</status>
</test>
<doc>Test Suite</doc>
<status status="FAIL" starttime="20200903 01:35:15.871" endtime="20200903 01:35:17.972"></status>
</suite>
<statistics>
<total>
<stat pass="0" fail="1">Critical Tests</stat>
<stat pass="0" fail="1">All Tests</stat>
</total>
<tag>
<stat pass="0" fail="1">Teste3</stat>
</tag>
<suite>
<stat pass="0" fail="1" id="s1" name="Teste TestSuite">Teste TestSuite</stat>
</suite>
</statistics>
<errors>
</errors>
</robot>
